[INFO ]2017-01-03 09:53:15.671 [main] LoginServiceIntfImpl- User with name Иван was found
[INFO ]2017-01-03 09:53:16.006 [main] LoginServiceIntfImpl- Server received login_module: not_existed_user
[INFO ]2017-01-03 09:53:16.013 [main] LoginServiceIntfImpl- User is not found
[TRACE]2017-01-03 09:53:16.021 [main] GreetingServiceImpl- Message "nightMessage" will be printed
[TRACE]2017-01-03 09:53:16.021 [main] GreetingServiceImpl- Message "nightMessage" will be printed
[TRACE]2017-01-03 09:53:16.021 [main] GreetingServiceImpl- Message "morningMessage" will be printed
[TRACE]2017-01-03 09:53:16.022 [main] GreetingServiceImpl- Message "eveningMessage" will be printed
[TRACE]2017-01-03 09:53:16.022 [main] GreetingServiceImpl- Message "nightMessage" will be printed
[TRACE]2017-01-03 09:53:16.022 [main] GreetingServiceImpl- Message "dayMessage" will be printed
[TRACE]2017-01-03 09:53:16.022 [main] GreetingServiceImpl- Message "eveningMessage" will be printed
[TRACE]2017-01-03 09:53:16.023 [main] GreetingServiceImpl- Message "morningMessage" will be printed
[TRACE]2017-01-03 09:53:16.023 [main] GreetingServiceImpl- Message "dayMessage" will be printed
[INFO ]2017-01-03 10:01:42.865 [main] LoginServiceIntfImpl- User with name Иван was found
[INFO ]2017-01-03 10:01:43.150 [main] LoginServiceIntfImpl- Server received login_module: not_existed_user
[INFO ]2017-01-03 10:01:43.161 [main] LoginServiceIntfImpl- User is not found
[TRACE]2017-01-03 10:01:43.168 [main] GreetingServiceImpl- Message "nightMessage" will be printed
[TRACE]2017-01-03 10:01:43.168 [main] GreetingServiceImpl- Message "nightMessage" will be printed
[TRACE]2017-01-03 10:01:43.168 [main] GreetingServiceImpl- Message "morningMessage" will be printed
[TRACE]2017-01-03 10:01:43.168 [main] GreetingServiceImpl- Message "eveningMessage" will be printed
[TRACE]2017-01-03 10:01:43.169 [main] GreetingServiceImpl- Message "nightMessage" will be printed
[TRACE]2017-01-03 10:01:43.169 [main] GreetingServiceImpl- Message "dayMessage" will be printed
[TRACE]2017-01-03 10:01:43.169 [main] GreetingServiceImpl- Message "eveningMessage" will be printed
[TRACE]2017-01-03 10:01:43.170 [main] GreetingServiceImpl- Message "morningMessage" will be printed
[TRACE]2017-01-03 10:01:43.170 [main] GreetingServiceImpl- Message "dayMessage" will be printed
[INFO ]2017-01-03 11:08:49.971 [main] LoginServiceIntfImpl- User with name Иван was found
[INFO ]2017-01-03 11:08:50.216 [main] LoginServiceIntfImpl- Server received login_module: not_existed_user
[INFO ]2017-01-03 11:08:50.222 [main] LoginServiceIntfImpl- User is not found
[TRACE]2017-01-03 11:08:50.229 [main] GreetingServiceImpl- Message "nightMessage" will be printed
[TRACE]2017-01-03 11:08:50.232 [main] GreetingServiceImpl- Message "nightMessage" will be printed
[TRACE]2017-01-03 11:08:50.232 [main] GreetingServiceImpl- Message "morningMessage" will be printed
[TRACE]2017-01-03 11:08:50.233 [main] GreetingServiceImpl- Message "eveningMessage" will be printed
[TRACE]2017-01-03 11:08:50.234 [main] GreetingServiceImpl- Message "nightMessage" will be printed
[TRACE]2017-01-03 11:08:50.235 [main] GreetingServiceImpl- Message "dayMessage" will be printed
[TRACE]2017-01-03 11:08:50.236 [main] GreetingServiceImpl- Message "eveningMessage" will be printed
[TRACE]2017-01-03 11:08:50.236 [main] GreetingServiceImpl- Message "morningMessage" will be printed
[TRACE]2017-01-03 11:08:50.237 [main] GreetingServiceImpl- Message "dayMessage" will be printed
[INFO ]2017-01-03 11:52:56.278 [main] LoginServiceIntfImpl- User with name Иван was found
[INFO ]2017-01-03 11:52:56.551 [main] LoginServiceIntfImpl- Server received login_module: not_existed_user
[INFO ]2017-01-03 11:52:56.558 [main] LoginServiceIntfImpl- User is not found
[TRACE]2017-01-03 11:52:56.564 [main] GreetingServiceImpl- Message "nightMessage" will be printed
[TRACE]2017-01-03 11:52:56.566 [main] GreetingServiceImpl- Message "nightMessage" will be printed
[TRACE]2017-01-03 11:52:56.567 [main] GreetingServiceImpl- Message "morningMessage" will be printed
[TRACE]2017-01-03 11:52:56.568 [main] GreetingServiceImpl- Message "eveningMessage" will be printed
[TRACE]2017-01-03 11:52:56.569 [main] GreetingServiceImpl- Message "nightMessage" will be printed
[TRACE]2017-01-03 11:52:56.569 [main] GreetingServiceImpl- Message "dayMessage" will be printed
[TRACE]2017-01-03 11:52:56.569 [main] GreetingServiceImpl- Message "eveningMessage" will be printed
[TRACE]2017-01-03 11:52:56.570 [main] GreetingServiceImpl- Message "morningMessage" will be printed
[TRACE]2017-01-03 11:52:56.570 [main] GreetingServiceImpl- Message "dayMessage" will be printed
[INFO ]2017-01-03 11:57:09.579 [main] LoginServiceIntfImpl- User with name Иван was found
[INFO ]2017-01-03 11:57:09.811 [main] LoginServiceIntfImpl- Server received login_module: not_existed_user
[INFO ]2017-01-03 11:57:09.817 [main] LoginServiceIntfImpl- User is not found
[TRACE]2017-01-03 11:57:09.836 [main] GreetingServiceImpl- Message "nightMessage" will be printed
[TRACE]2017-01-03 11:57:09.836 [main] GreetingServiceImpl- Message "nightMessage" will be printed
[TRACE]2017-01-03 11:57:09.836 [main] GreetingServiceImpl- Message "morningMessage" will be printed
[TRACE]2017-01-03 11:57:09.836 [main] GreetingServiceImpl- Message "eveningMessage" will be printed
[TRACE]2017-01-03 11:57:09.837 [main] GreetingServiceImpl- Message "nightMessage" will be printed
[TRACE]2017-01-03 11:57:09.837 [main] GreetingServiceImpl- Message "dayMessage" will be printed
[TRACE]2017-01-03 11:57:09.837 [main] GreetingServiceImpl- Message "eveningMessage" will be printed
[TRACE]2017-01-03 11:57:09.838 [main] GreetingServiceImpl- Message "morningMessage" will be printed
[TRACE]2017-01-03 11:57:09.838 [main] GreetingServiceImpl- Message "dayMessage" will be printed
[INFO ]2017-01-03 12:03:02.565 [main] LoginServiceIntfImpl- User with name Иван was found
[INFO ]2017-01-03 12:03:02.842 [main] LoginServiceIntfImpl- Server received login_module: not_existed_user
[INFO ]2017-01-03 12:03:02.848 [main] LoginServiceIntfImpl- User is not found
[TRACE]2017-01-03 12:03:02.858 [main] GreetingServiceImpl- Message "nightMessage" will be printed
[TRACE]2017-01-03 12:03:02.858 [main] GreetingServiceImpl- Message "nightMessage" will be printed
[TRACE]2017-01-03 12:03:02.858 [main] GreetingServiceImpl- Message "morningMessage" will be printed
[TRACE]2017-01-03 12:03:02.859 [main] GreetingServiceImpl- Message "eveningMessage" will be printed
[TRACE]2017-01-03 12:03:02.859 [main] GreetingServiceImpl- Message "nightMessage" will be printed
[TRACE]2017-01-03 12:03:02.861 [main] GreetingServiceImpl- Message "dayMessage" will be printed
[TRACE]2017-01-03 12:03:02.861 [main] GreetingServiceImpl- Message "eveningMessage" will be printed
[TRACE]2017-01-03 12:03:02.862 [main] GreetingServiceImpl- Message "morningMessage" will be printed
[TRACE]2017-01-03 12:03:02.862 [main] GreetingServiceImpl- Message "dayMessage" will be printed
[INFO ]2017-01-03 12:08:21.703 [main] LoginServiceIntfImpl- User with name Иван was found
[INFO ]2017-01-03 12:08:22.110 [main] LoginServiceIntfImpl- Server received login_module: not_existed_user
[INFO ]2017-01-03 12:08:22.117 [main] LoginServiceIntfImpl- User is not found
[TRACE]2017-01-03 12:08:22.132 [main] GreetingServiceImpl- Message "nightMessage" will be printed
[TRACE]2017-01-03 12:08:22.132 [main] GreetingServiceImpl- Message "nightMessage" will be printed
[TRACE]2017-01-03 12:08:22.133 [main] GreetingServiceImpl- Message "morningMessage" will be printed
[TRACE]2017-01-03 12:08:22.134 [main] GreetingServiceImpl- Message "eveningMessage" will be printed
[TRACE]2017-01-03 12:08:22.134 [main] GreetingServiceImpl- Message "nightMessage" will be printed
[TRACE]2017-01-03 12:08:22.134 [main] GreetingServiceImpl- Message "dayMessage" will be printed
[TRACE]2017-01-03 12:08:22.134 [main] GreetingServiceImpl- Message "eveningMessage" will be printed
[TRACE]2017-01-03 12:08:22.135 [main] GreetingServiceImpl- Message "morningMessage" will be printed
[TRACE]2017-01-03 12:08:22.135 [main] GreetingServiceImpl- Message "dayMessage" will be printed
[INFO ]2017-01-03 12:11:18.896 [main] LoginServiceIntfImpl- User with name Иван was found
[INFO ]2017-01-03 12:11:19.123 [main] LoginServiceIntfImpl- Server received login_module: not_existed_user
[INFO ]2017-01-03 12:11:19.129 [main] LoginServiceIntfImpl- User is not found
[TRACE]2017-01-03 12:11:19.138 [main] GreetingServiceImpl- Message "nightMessage" will be printed
[TRACE]2017-01-03 12:11:19.138 [main] GreetingServiceImpl- Message "nightMessage" will be printed
[TRACE]2017-01-03 12:11:19.138 [main] GreetingServiceImpl- Message "morningMessage" will be printed
[TRACE]2017-01-03 12:11:19.139 [main] GreetingServiceImpl- Message "eveningMessage" will be printed
[TRACE]2017-01-03 12:11:19.139 [main] GreetingServiceImpl- Message "nightMessage" will be printed
[TRACE]2017-01-03 12:11:19.140 [main] GreetingServiceImpl- Message "dayMessage" will be printed
[TRACE]2017-01-03 12:11:19.140 [main] GreetingServiceImpl- Message "eveningMessage" will be printed
[TRACE]2017-01-03 12:11:19.141 [main] GreetingServiceImpl- Message "morningMessage" will be printed
[TRACE]2017-01-03 12:11:19.141 [main] GreetingServiceImpl- Message "dayMessage" will be printed
[INFO ]2017-01-03 12:18:36.884 [main] LoginServiceIntfImpl- User with name Иван was found
[INFO ]2017-01-03 12:18:37.196 [main] LoginServiceIntfImpl- Server received login_module: not_existed_user
[INFO ]2017-01-03 12:18:37.202 [main] LoginServiceIntfImpl- User is not found
[TRACE]2017-01-03 12:18:37.211 [main] GreetingServiceImpl- Message "nightMessage" will be printed
[TRACE]2017-01-03 12:18:37.211 [main] GreetingServiceImpl- Message "nightMessage" will be printed
[TRACE]2017-01-03 12:18:37.211 [main] GreetingServiceImpl- Message "morningMessage" will be printed
[TRACE]2017-01-03 12:18:37.212 [main] GreetingServiceImpl- Message "eveningMessage" will be printed
[TRACE]2017-01-03 12:18:37.212 [main] GreetingServiceImpl- Message "nightMessage" will be printed
[TRACE]2017-01-03 12:18:37.212 [main] GreetingServiceImpl- Message "dayMessage" will be printed
[TRACE]2017-01-03 12:18:37.212 [main] GreetingServiceImpl- Message "eveningMessage" will be printed
[TRACE]2017-01-03 12:18:37.213 [main] GreetingServiceImpl- Message "morningMessage" will be printed
[TRACE]2017-01-03 12:18:37.213 [main] GreetingServiceImpl- Message "dayMessage" will be printed
[INFO ]2017-01-03 12:26:12.742 [main] LoginServiceIntfImpl- User with name Иван was found
[INFO ]2017-01-03 12:26:13.033 [main] LoginServiceIntfImpl- Server received login_module: not_existed_user
[INFO ]2017-01-03 12:26:13.040 [main] LoginServiceIntfImpl- User is not found
[TRACE]2017-01-03 12:26:13.054 [main] GreetingServiceImpl- Message "nightMessage" will be printed
[TRACE]2017-01-03 12:26:13.054 [main] GreetingServiceImpl- Message "nightMessage" will be printed
[TRACE]2017-01-03 12:26:13.054 [main] GreetingServiceImpl- Message "morningMessage" will be printed
[TRACE]2017-01-03 12:26:13.055 [main] GreetingServiceImpl- Message "eveningMessage" will be printed
[TRACE]2017-01-03 12:26:13.055 [main] GreetingServiceImpl- Message "nightMessage" will be printed
[TRACE]2017-01-03 12:26:13.055 [main] GreetingServiceImpl- Message "dayMessage" will be printed
[TRACE]2017-01-03 12:26:13.055 [main] GreetingServiceImpl- Message "eveningMessage" will be printed
[TRACE]2017-01-03 12:26:13.056 [main] GreetingServiceImpl- Message "morningMessage" will be printed
[TRACE]2017-01-03 12:26:13.056 [main] GreetingServiceImpl- Message "dayMessage" will be printed
[INFO ]2017-01-03 12:32:47.592 [main] LoginServiceIntfImpl- User with name Иван was found
[INFO ]2017-01-03 12:32:47.881 [main] LoginServiceIntfImpl- Server received login_module: not_existed_user
[INFO ]2017-01-03 12:32:47.887 [main] LoginServiceIntfImpl- User is not found
[TRACE]2017-01-03 12:32:47.895 [main] GreetingServiceImpl- Message "nightMessage" will be printed
[TRACE]2017-01-03 12:32:47.895 [main] GreetingServiceImpl- Message "nightMessage" will be printed
[TRACE]2017-01-03 12:32:47.896 [main] GreetingServiceImpl- Message "morningMessage" will be printed
[TRACE]2017-01-03 12:32:47.896 [main] GreetingServiceImpl- Message "eveningMessage" will be printed
[TRACE]2017-01-03 12:32:47.896 [main] GreetingServiceImpl- Message "nightMessage" will be printed
[TRACE]2017-01-03 12:32:47.897 [main] GreetingServiceImpl- Message "dayMessage" will be printed
[TRACE]2017-01-03 12:32:47.897 [main] GreetingServiceImpl- Message "eveningMessage" will be printed
[TRACE]2017-01-03 12:32:47.897 [main] GreetingServiceImpl- Message "morningMessage" will be printed
[TRACE]2017-01-03 12:32:47.898 [main] GreetingServiceImpl- Message "dayMessage" will be printed
[INFO ]2017-01-03 12:37:54.533 [main] LoginServiceIntfImpl- User with name Иван was found
[INFO ]2017-01-03 12:37:54.792 [main] LoginServiceIntfImpl- Server received login_module: not_existed_user
[INFO ]2017-01-03 12:37:54.798 [main] LoginServiceIntfImpl- User is not found
[TRACE]2017-01-03 12:37:54.804 [main] GreetingServiceImpl- Message "nightMessage" will be printed
[TRACE]2017-01-03 12:37:54.804 [main] GreetingServiceImpl- Message "nightMessage" will be printed
[TRACE]2017-01-03 12:37:54.804 [main] GreetingServiceImpl- Message "morningMessage" will be printed
[TRACE]2017-01-03 12:37:54.804 [main] GreetingServiceImpl- Message "eveningMessage" will be printed
[TRACE]2017-01-03 12:37:54.804 [main] GreetingServiceImpl- Message "nightMessage" will be printed
[TRACE]2017-01-03 12:37:54.805 [main] GreetingServiceImpl- Message "dayMessage" will be printed
[TRACE]2017-01-03 12:37:54.805 [main] GreetingServiceImpl- Message "eveningMessage" will be printed
[TRACE]2017-01-03 12:37:54.807 [main] GreetingServiceImpl- Message "morningMessage" will be printed
[TRACE]2017-01-03 12:37:54.808 [main] GreetingServiceImpl- Message "dayMessage" will be printed
[INFO ]2017-01-03 13:03:25.023 [main] LoginServiceIntfImpl- User with name Иван was found
[INFO ]2017-01-03 13:03:25.336 [main] LoginServiceIntfImpl- Server received login_module: not_existed_user
[INFO ]2017-01-03 13:03:25.341 [main] LoginServiceIntfImpl- User is not found
[TRACE]2017-01-03 13:03:25.350 [main] GreetingServiceImpl- Message "nightMessage" will be printed
[TRACE]2017-01-03 13:03:25.351 [main] GreetingServiceImpl- Message "nightMessage" will be printed
[TRACE]2017-01-03 13:03:25.351 [main] GreetingServiceImpl- Message "morningMessage" will be printed
[TRACE]2017-01-03 13:03:25.351 [main] GreetingServiceImpl- Message "eveningMessage" will be printed
[TRACE]2017-01-03 13:03:25.351 [main] GreetingServiceImpl- Message "nightMessage" will be printed
[TRACE]2017-01-03 13:03:25.352 [main] GreetingServiceImpl- Message "dayMessage" will be printed
[TRACE]2017-01-03 13:03:25.352 [main] GreetingServiceImpl- Message "eveningMessage" will be printed
[TRACE]2017-01-03 13:03:25.352 [main] GreetingServiceImpl- Message "morningMessage" will be printed
[TRACE]2017-01-03 13:03:25.353 [main] GreetingServiceImpl- Message "dayMessage" will be printed
[INFO ]2017-01-03 13:05:04.572 [main] LoginServiceIntfImpl- User with name Иван was found
[INFO ]2017-01-03 13:05:04.852 [main] LoginServiceIntfImpl- Server received login_module: not_existed_user
[INFO ]2017-01-03 13:05:04.858 [main] LoginServiceIntfImpl- User is not found
[TRACE]2017-01-03 13:05:04.867 [main] GreetingServiceImpl- Message "nightMessage" will be printed
[TRACE]2017-01-03 13:05:04.867 [main] GreetingServiceImpl- Message "nightMessage" will be printed
[TRACE]2017-01-03 13:05:04.867 [main] GreetingServiceImpl- Message "morningMessage" will be printed
[TRACE]2017-01-03 13:05:04.868 [main] GreetingServiceImpl- Message "eveningMessage" will be printed
[TRACE]2017-01-03 13:05:04.868 [main] GreetingServiceImpl- Message "nightMessage" will be printed
[TRACE]2017-01-03 13:05:04.870 [main] GreetingServiceImpl- Message "dayMessage" will be printed
[TRACE]2017-01-03 13:05:04.870 [main] GreetingServiceImpl- Message "eveningMessage" will be printed
[TRACE]2017-01-03 13:05:04.871 [main] GreetingServiceImpl- Message "morningMessage" will be printed
[TRACE]2017-01-03 13:05:04.871 [main] GreetingServiceImpl- Message "dayMessage" will be printed
[INFO ]2017-01-03 13:10:29.832 [main] LoginServiceIntfImpl- User with name Иван was found
[INFO ]2017-01-03 13:10:30.087 [main] LoginServiceIntfImpl- Server received login_module: not_existed_user
[INFO ]2017-01-03 13:10:30.094 [main] LoginServiceIntfImpl- User is not found
[TRACE]2017-01-03 13:10:30.110 [main] GreetingServiceImpl- Message "nightMessage" will be printed
[TRACE]2017-01-03 13:10:30.110 [main] GreetingServiceImpl- Message "nightMessage" will be printed
[TRACE]2017-01-03 13:10:30.110 [main] GreetingServiceImpl- Message "morningMessage" will be printed
[TRACE]2017-01-03 13:10:30.111 [main] GreetingServiceImpl- Message "eveningMessage" will be printed
[TRACE]2017-01-03 13:10:30.111 [main] GreetingServiceImpl- Message "nightMessage" will be printed
[TRACE]2017-01-03 13:10:30.112 [main] GreetingServiceImpl- Message "dayMessage" will be printed
[TRACE]2017-01-03 13:10:30.113 [main] GreetingServiceImpl- Message "eveningMessage" will be printed
[TRACE]2017-01-03 13:10:30.113 [main] GreetingServiceImpl- Message "morningMessage" will be printed
[TRACE]2017-01-03 13:10:30.113 [main] GreetingServiceImpl- Message "dayMessage" will be printed
[INFO ]2017-01-03 13:19:06.444 [main] LoginServiceIntfImpl- User with name Иван was found
[INFO ]2017-01-03 13:19:06.708 [main] LoginServiceIntfImpl- Server received login_module: not_existed_user
[INFO ]2017-01-03 13:19:06.714 [main] LoginServiceIntfImpl- User is not found
[TRACE]2017-01-03 13:19:06.735 [main] GreetingServiceImpl- Message "nightMessage" will be printed
[TRACE]2017-01-03 13:19:06.736 [main] GreetingServiceImpl- Message "nightMessage" will be printed
[TRACE]2017-01-03 13:19:06.736 [main] GreetingServiceImpl- Message "morningMessage" will be printed
[TRACE]2017-01-03 13:19:06.742 [main] GreetingServiceImpl- Message "eveningMessage" will be printed
[TRACE]2017-01-03 13:19:06.742 [main] GreetingServiceImpl- Message "nightMessage" will be printed
[TRACE]2017-01-03 13:19:06.743 [main] GreetingServiceImpl- Message "dayMessage" will be printed
[TRACE]2017-01-03 13:19:06.743 [main] GreetingServiceImpl- Message "eveningMessage" will be printed
[TRACE]2017-01-03 13:19:06.743 [main] GreetingServiceImpl- Message "morningMessage" will be printed
[TRACE]2017-01-03 13:19:06.743 [main] GreetingServiceImpl- Message "dayMessage" will be printed
[INFO ]2017-01-03 13:27:04.960 [main] LoginServiceIntfImpl- User with name Иван was found
[INFO ]2017-01-03 13:27:05.267 [main] LoginServiceIntfImpl- Server received login_module: not_existed_user
[INFO ]2017-01-03 13:27:05.272 [main] LoginServiceIntfImpl- User is not found
[TRACE]2017-01-03 13:27:05.284 [main] GreetingServiceImpl- Message "nightMessage" will be printed
[TRACE]2017-01-03 13:27:05.284 [main] GreetingServiceImpl- Message "nightMessage" will be printed
[TRACE]2017-01-03 13:27:05.284 [main] GreetingServiceImpl- Message "morningMessage" will be printed
[TRACE]2017-01-03 13:27:05.285 [main] GreetingServiceImpl- Message "eveningMessage" will be printed
[TRACE]2017-01-03 13:27:05.285 [main] GreetingServiceImpl- Message "nightMessage" will be printed
[TRACE]2017-01-03 13:27:05.286 [main] GreetingServiceImpl- Message "dayMessage" will be printed
[TRACE]2017-01-03 13:27:05.286 [main] GreetingServiceImpl- Message "eveningMessage" will be printed
[TRACE]2017-01-03 13:27:05.287 [main] GreetingServiceImpl- Message "morningMessage" will be printed
[TRACE]2017-01-03 13:27:05.287 [main] GreetingServiceImpl- Message "dayMessage" will be printed
[INFO ]2017-01-03 13:33:01.861 [main] LoginServiceIntfImpl- User with name Иван was found
[INFO ]2017-01-03 13:33:02.368 [main] LoginServiceIntfImpl- Server received login_module: not_existed_user
[INFO ]2017-01-03 13:33:02.380 [main] LoginServiceIntfImpl- User is not found
[TRACE]2017-01-03 13:33:02.407 [main] GreetingServiceImpl- Message "nightMessage" will be printed
[TRACE]2017-01-03 13:33:02.407 [main] GreetingServiceImpl- Message "nightMessage" will be printed
[TRACE]2017-01-03 13:33:02.408 [main] GreetingServiceImpl- Message "morningMessage" will be printed
[TRACE]2017-01-03 13:33:02.409 [main] GreetingServiceImpl- Message "eveningMessage" will be printed
[TRACE]2017-01-03 13:33:02.409 [main] GreetingServiceImpl- Message "nightMessage" will be printed
[TRACE]2017-01-03 13:33:02.411 [main] GreetingServiceImpl- Message "dayMessage" will be printed
[TRACE]2017-01-03 13:33:02.411 [main] GreetingServiceImpl- Message "eveningMessage" will be printed
[TRACE]2017-01-03 13:33:02.412 [main] GreetingServiceImpl- Message "morningMessage" will be printed
[TRACE]2017-01-03 13:33:02.412 [main] GreetingServiceImpl- Message "dayMessage" will be printed
[INFO ]2017-01-03 13:47:24.373 [main] LoginServiceIntfImpl- User with name Иван was found
[INFO ]2017-01-03 13:47:24.895 [main] LoginServiceIntfImpl- Server received login_module: not_existed_user
[INFO ]2017-01-03 13:47:24.905 [main] LoginServiceIntfImpl- User is not found
[TRACE]2017-01-03 13:47:24.937 [main] GreetingServiceImpl- Message "nightMessage" will be printed
[TRACE]2017-01-03 13:47:24.937 [main] GreetingServiceImpl- Message "nightMessage" will be printed
[TRACE]2017-01-03 13:47:24.937 [main] GreetingServiceImpl- Message "morningMessage" will be printed
[TRACE]2017-01-03 13:47:24.940 [main] GreetingServiceImpl- Message "eveningMessage" will be printed
[TRACE]2017-01-03 13:47:24.941 [main] GreetingServiceImpl- Message "nightMessage" will be printed
[TRACE]2017-01-03 13:47:24.942 [main] GreetingServiceImpl- Message "dayMessage" will be printed
[TRACE]2017-01-03 13:47:24.942 [main] GreetingServiceImpl- Message "eveningMessage" will be printed
[TRACE]2017-01-03 13:47:24.943 [main] GreetingServiceImpl- Message "morningMessage" will be printed
[TRACE]2017-01-03 13:47:24.943 [main] GreetingServiceImpl- Message "dayMessage" will be printed
[INFO ]2017-01-03 14:01:12.782 [main] LoginServiceIntfImpl- User with name Иван was found
[INFO ]2017-01-03 14:01:13.122 [main] LoginServiceIntfImpl- Server received login_module: not_existed_user
[INFO ]2017-01-03 14:01:13.130 [main] LoginServiceIntfImpl- User is not found
[TRACE]2017-01-03 14:01:13.139 [main] GreetingServiceImpl- Message "nightMessage" will be printed
[TRACE]2017-01-03 14:01:13.139 [main] GreetingServiceImpl- Message "nightMessage" will be printed
[TRACE]2017-01-03 14:01:13.139 [main] GreetingServiceImpl- Message "morningMessage" will be printed
[TRACE]2017-01-03 14:01:13.140 [main] GreetingServiceImpl- Message "eveningMessage" will be printed
[TRACE]2017-01-03 14:01:13.140 [main] GreetingServiceImpl- Message "nightMessage" will be printed
[TRACE]2017-01-03 14:01:13.140 [main] GreetingServiceImpl- Message "dayMessage" will be printed
[TRACE]2017-01-03 14:01:13.141 [main] GreetingServiceImpl- Message "eveningMessage" will be printed
[TRACE]2017-01-03 14:01:13.141 [main] GreetingServiceImpl- Message "morningMessage" will be printed
[TRACE]2017-01-03 14:01:13.141 [main] GreetingServiceImpl- Message "dayMessage" will be printed
[INFO ]2017-01-03 14:14:59.138 [main] LoginServiceIntfImpl- User with name Иван was found
[INFO ]2017-01-03 14:14:59.490 [main] LoginServiceIntfImpl- Server received login_module: not_existed_user
[INFO ]2017-01-03 14:14:59.497 [main] LoginServiceIntfImpl- User is not found
[TRACE]2017-01-03 14:14:59.509 [main] GreetingServiceImpl- Message "nightMessage" will be printed
[TRACE]2017-01-03 14:14:59.510 [main] GreetingServiceImpl- Message "nightMessage" will be printed
[TRACE]2017-01-03 14:14:59.510 [main] GreetingServiceImpl- Message "morningMessage" will be printed
[TRACE]2017-01-03 14:14:59.511 [main] GreetingServiceImpl- Message "eveningMessage" will be printed
[TRACE]2017-01-03 14:14:59.511 [main] GreetingServiceImpl- Message "nightMessage" will be printed
[TRACE]2017-01-03 14:14:59.512 [main] GreetingServiceImpl- Message "dayMessage" will be printed
[TRACE]2017-01-03 14:14:59.512 [main] GreetingServiceImpl- Message "eveningMessage" will be printed
[TRACE]2017-01-03 14:14:59.512 [main] GreetingServiceImpl- Message "morningMessage" will be printed
[TRACE]2017-01-03 14:14:59.512 [main] GreetingServiceImpl- Message "dayMessage" will be printed
[INFO ]2017-01-03 14:23:59.961 [main] LoginServiceIntfImpl- User with name Иван was found
[INFO ]2017-01-03 14:24:00.235 [main] LoginServiceIntfImpl- Server received login_module: not_existed_user
[INFO ]2017-01-03 14:24:00.242 [main] LoginServiceIntfImpl- User is not found
[TRACE]2017-01-03 14:24:00.247 [main] GreetingServiceImpl- Message "nightMessage" will be printed
[TRACE]2017-01-03 14:24:00.247 [main] GreetingServiceImpl- Message "nightMessage" will be printed
[TRACE]2017-01-03 14:24:00.247 [main] GreetingServiceImpl- Message "morningMessage" will be printed
[TRACE]2017-01-03 14:24:00.248 [main] GreetingServiceImpl- Message "eveningMessage" will be printed
[TRACE]2017-01-03 14:24:00.248 [main] GreetingServiceImpl- Message "nightMessage" will be printed
[TRACE]2017-01-03 14:24:00.249 [main] GreetingServiceImpl- Message "dayMessage" will be printed
[TRACE]2017-01-03 14:24:00.249 [main] GreetingServiceImpl- Message "eveningMessage" will be printed
[TRACE]2017-01-03 14:24:00.249 [main] GreetingServiceImpl- Message "morningMessage" will be printed
[TRACE]2017-01-03 14:24:00.249 [main] GreetingServiceImpl- Message "dayMessage" will be printed
[INFO ]2017-01-03 17:02:05.058 [main] LoginServiceIntfImpl- User with name Иван was found
[INFO ]2017-01-03 17:02:05.323 [main] LoginServiceIntfImpl- Server received login_module: not_existed_user
[INFO ]2017-01-03 17:02:05.335 [main] LoginServiceIntfImpl- User is not found
[TRACE]2017-01-03 17:02:05.348 [main] GreetingServiceImpl- Message "nightMessage" will be printed
[TRACE]2017-01-03 17:02:05.348 [main] GreetingServiceImpl- Message "nightMessage" will be printed
[TRACE]2017-01-03 17:02:05.349 [main] GreetingServiceImpl- Message "morningMessage" will be printed
[TRACE]2017-01-03 17:02:05.349 [main] GreetingServiceImpl- Message "eveningMessage" will be printed
[TRACE]2017-01-03 17:02:05.349 [main] GreetingServiceImpl- Message "nightMessage" will be printed
[TRACE]2017-01-03 17:02:05.350 [main] GreetingServiceImpl- Message "dayMessage" will be printed
[TRACE]2017-01-03 17:02:05.351 [main] GreetingServiceImpl- Message "eveningMessage" will be printed
[TRACE]2017-01-03 17:02:05.351 [main] GreetingServiceImpl- Message "morningMessage" will be printed
[TRACE]2017-01-03 17:02:05.351 [main] GreetingServiceImpl- Message "dayMessage" will be printed
[INFO ]2017-01-03 21:38:21.353 [main] LoginServiceIntfImpl- User with name Иван was found
[INFO ]2017-01-03 21:38:21.617 [main] LoginServiceIntfImpl- Server received login_module: not_existed_user
[INFO ]2017-01-03 21:38:21.623 [main] LoginServiceIntfImpl- User is not found
[TRACE]2017-01-03 21:38:21.629 [main] GreetingServiceImpl- Message "nightMessage" will be printed
[TRACE]2017-01-03 21:38:21.629 [main] GreetingServiceImpl- Message "nightMessage" will be printed
[TRACE]2017-01-03 21:38:21.630 [main] GreetingServiceImpl- Message "morningMessage" will be printed
[TRACE]2017-01-03 21:38:21.631 [main] GreetingServiceImpl- Message "eveningMessage" will be printed
[TRACE]2017-01-03 21:38:21.631 [main] GreetingServiceImpl- Message "nightMessage" will be printed
[TRACE]2017-01-03 21:38:21.632 [main] GreetingServiceImpl- Message "dayMessage" will be printed
[TRACE]2017-01-03 21:38:21.632 [main] GreetingServiceImpl- Message "eveningMessage" will be printed
[TRACE]2017-01-03 21:38:21.632 [main] GreetingServiceImpl- Message "morningMessage" will be printed
[TRACE]2017-01-03 21:38:21.632 [main] GreetingServiceImpl- Message "dayMessage" will be printed
[INFO ]2017-01-03 21:45:41.414 [main] LoginServiceIntfImpl- User with name Иван was found
[INFO ]2017-01-03 21:45:41.699 [main] LoginServiceIntfImpl- Server received login_module: not_existed_user
[INFO ]2017-01-03 21:45:41.710 [main] LoginServiceIntfImpl- User is not found
[TRACE]2017-01-03 21:45:41.723 [main] GreetingServiceImpl- Message "nightMessage" will be printed
[TRACE]2017-01-03 21:45:41.724 [main] GreetingServiceImpl- Message "nightMessage" will be printed
[TRACE]2017-01-03 21:45:41.724 [main] GreetingServiceImpl- Message "morningMessage" will be printed
[TRACE]2017-01-03 21:45:41.724 [main] GreetingServiceImpl- Message "eveningMessage" will be printed
[TRACE]2017-01-03 21:45:41.725 [main] GreetingServiceImpl- Message "nightMessage" will be printed
[TRACE]2017-01-03 21:45:41.725 [main] GreetingServiceImpl- Message "dayMessage" will be printed
[TRACE]2017-01-03 21:45:41.725 [main] GreetingServiceImpl- Message "eveningMessage" will be printed
[TRACE]2017-01-03 21:45:41.726 [main] GreetingServiceImpl- Message "morningMessage" will be printed
[TRACE]2017-01-03 21:45:41.726 [main] GreetingServiceImpl- Message "dayMessage" will be printed
[INFO ]2017-01-03 21:48:28.868 [main] LoginServiceIntfImpl- User with name Иван was found
[INFO ]2017-01-03 21:48:29.098 [main] LoginServiceIntfImpl- Server received login_module: not_existed_user
[INFO ]2017-01-03 21:48:29.104 [main] LoginServiceIntfImpl- User is not found
[TRACE]2017-01-03 21:48:29.117 [main] GreetingServiceImpl- Message "nightMessage" will be printed
[TRACE]2017-01-03 21:48:29.118 [main] GreetingServiceImpl- Message "nightMessage" will be printed
[TRACE]2017-01-03 21:48:29.118 [main] GreetingServiceImpl- Message "morningMessage" will be printed
[TRACE]2017-01-03 21:48:29.119 [main] GreetingServiceImpl- Message "eveningMessage" will be printed
[TRACE]2017-01-03 21:48:29.119 [main] GreetingServiceImpl- Message "nightMessage" will be printed
[TRACE]2017-01-03 21:48:29.120 [main] GreetingServiceImpl- Message "dayMessage" will be printed
[TRACE]2017-01-03 21:48:29.120 [main] GreetingServiceImpl- Message "eveningMessage" will be printed
[TRACE]2017-01-03 21:48:29.121 [main] GreetingServiceImpl- Message "morningMessage" will be printed
[TRACE]2017-01-03 21:48:29.121 [main] GreetingServiceImpl- Message "dayMessage" will be printed
[INFO ]2017-01-03 21:50:31.389 [main] LoginServiceIntfImpl- User with name Иван was found
[INFO ]2017-01-03 21:50:31.628 [main] LoginServiceIntfImpl- Server received login_module: not_existed_user
[INFO ]2017-01-03 21:50:31.635 [main] LoginServiceIntfImpl- User is not found
[TRACE]2017-01-03 21:50:31.647 [main] GreetingServiceImpl- Message "nightMessage" will be printed
[TRACE]2017-01-03 21:50:31.648 [main] GreetingServiceImpl- Message "nightMessage" will be printed
[TRACE]2017-01-03 21:50:31.648 [main] GreetingServiceImpl- Message "morningMessage" will be printed
[TRACE]2017-01-03 21:50:31.649 [main] GreetingServiceImpl- Message "eveningMessage" will be printed
[TRACE]2017-01-03 21:50:31.649 [main] GreetingServiceImpl- Message "nightMessage" will be printed
[TRACE]2017-01-03 21:50:31.650 [main] GreetingServiceImpl- Message "dayMessage" will be printed
[TRACE]2017-01-03 21:50:31.650 [main] GreetingServiceImpl- Message "eveningMessage" will be printed
[TRACE]2017-01-03 21:50:31.651 [main] GreetingServiceImpl- Message "morningMessage" will be printed
[TRACE]2017-01-03 21:50:31.651 [main] GreetingServiceImpl- Message "dayMessage" will be printed
[INFO ]2017-01-03 21:52:30.460 [main] LoginServiceIntfImpl- User with name Иван was found
[INFO ]2017-01-03 21:52:30.682 [main] LoginServiceIntfImpl- Server received login_module: not_existed_user
[INFO ]2017-01-03 21:52:30.688 [main] LoginServiceIntfImpl- User is not found
[TRACE]2017-01-03 21:52:30.700 [main] GreetingServiceImpl- Message "nightMessage" will be printed
[TRACE]2017-01-03 21:52:30.700 [main] GreetingServiceImpl- Message "nightMessage" will be printed
[TRACE]2017-01-03 21:52:30.700 [main] GreetingServiceImpl- Message "morningMessage" will be printed
[TRACE]2017-01-03 21:52:30.701 [main] GreetingServiceImpl- Message "eveningMessage" will be printed
[TRACE]2017-01-03 21:52:30.701 [main] GreetingServiceImpl- Message "nightMessage" will be printed
[TRACE]2017-01-03 21:52:30.702 [main] GreetingServiceImpl- Message "dayMessage" will be printed
[TRACE]2017-01-03 21:52:30.702 [main] GreetingServiceImpl- Message "eveningMessage" will be printed
[TRACE]2017-01-03 21:52:30.703 [main] GreetingServiceImpl- Message "morningMessage" will be printed
[TRACE]2017-01-03 21:52:30.703 [main] GreetingServiceImpl- Message "dayMessage" will be printed
[INFO ]2017-01-03 21:53:44.435 [main] LoginServiceIntfImpl- User with name Иван was found
[INFO ]2017-01-03 21:53:44.606 [main] LoginServiceIntfImpl- Server received login_module: not_existed_user
[INFO ]2017-01-03 21:53:44.629 [main] LoginServiceIntfImpl- User is not found
[TRACE]2017-01-03 21:53:44.647 [main] GreetingServiceImpl- Message "nightMessage" will be printed
[TRACE]2017-01-03 21:53:44.648 [main] GreetingServiceImpl- Message "nightMessage" will be printed
[TRACE]2017-01-03 21:53:44.648 [main] GreetingServiceImpl- Message "morningMessage" will be printed
[TRACE]2017-01-03 21:53:44.651 [main] GreetingServiceImpl- Message "eveningMessage" will be printed
[TRACE]2017-01-03 21:53:44.651 [main] GreetingServiceImpl- Message "nightMessage" will be printed
[TRACE]2017-01-03 21:53:44.653 [main] GreetingServiceImpl- Message "dayMessage" will be printed
[TRACE]2017-01-03 21:53:44.653 [main] GreetingServiceImpl- Message "eveningMessage" will be printed
[TRACE]2017-01-03 21:53:44.654 [main] GreetingServiceImpl- Message "morningMessage" will be printed
[TRACE]2017-01-03 21:53:44.654 [main] GreetingServiceImpl- Message "dayMessage" will be printed
[INFO ]2017-01-03 21:56:51.475 [main] LoginServiceIntfImpl- User with name Иван was found
[INFO ]2017-01-03 21:56:51.793 [main] LoginServiceIntfImpl- Server received login_module: not_existed_user
[INFO ]2017-01-03 21:56:51.799 [main] LoginServiceIntfImpl- User is not found
[TRACE]2017-01-03 21:56:51.805 [main] GreetingServiceImpl- Message "nightMessage" will be printed
[TRACE]2017-01-03 21:56:51.805 [main] GreetingServiceImpl- Message "nightMessage" will be printed
[TRACE]2017-01-03 21:56:51.806 [main] GreetingServiceImpl- Message "morningMessage" will be printed
[TRACE]2017-01-03 21:56:51.806 [main] GreetingServiceImpl- Message "eveningMessage" will be printed
[TRACE]2017-01-03 21:56:51.806 [main] GreetingServiceImpl- Message "nightMessage" will be printed
[TRACE]2017-01-03 21:56:51.807 [main] GreetingServiceImpl- Message "dayMessage" will be printed
[TRACE]2017-01-03 21:56:51.807 [main] GreetingServiceImpl- Message "eveningMessage" will be printed
[TRACE]2017-01-03 21:56:51.807 [main] GreetingServiceImpl- Message "morningMessage" will be printed
[TRACE]2017-01-03 21:56:51.807 [main] GreetingServiceImpl- Message "dayMessage" will be printed
[INFO ]2017-01-03 22:02:01.183 [main] LoginServiceIntfImpl- User with name Иван was found
[INFO ]2017-01-03 22:02:01.517 [main] LoginServiceIntfImpl- Server received login_module: not_existed_user
[INFO ]2017-01-03 22:02:01.523 [main] LoginServiceIntfImpl- User is not found
[TRACE]2017-01-03 22:02:01.545 [main] GreetingServiceImpl- Message "nightMessage" will be printed
[TRACE]2017-01-03 22:02:01.545 [main] GreetingServiceImpl- Message "nightMessage" will be printed
[TRACE]2017-01-03 22:02:01.546 [main] GreetingServiceImpl- Message "morningMessage" will be printed
[TRACE]2017-01-03 22:02:01.547 [main] GreetingServiceImpl- Message "eveningMessage" will be printed
[TRACE]2017-01-03 22:02:01.547 [main] GreetingServiceImpl- Message "nightMessage" will be printed
[TRACE]2017-01-03 22:02:01.548 [main] GreetingServiceImpl- Message "dayMessage" will be printed
[TRACE]2017-01-03 22:02:01.549 [main] GreetingServiceImpl- Message "eveningMessage" will be printed
[TRACE]2017-01-03 22:02:01.551 [main] GreetingServiceImpl- Message "morningMessage" will be printed
[TRACE]2017-01-03 22:02:01.551 [main] GreetingServiceImpl- Message "dayMessage" will be printed
[INFO ]2017-01-03 22:09:05.991 [main] LoginServiceIntfImpl- User with name Иван was found
[INFO ]2017-01-03 22:09:06.259 [main] LoginServiceIntfImpl- Server received login_module: not_existed_user
[INFO ]2017-01-03 22:09:06.265 [main] LoginServiceIntfImpl- User is not found
[TRACE]2017-01-03 22:09:06.270 [main] GreetingServiceImpl- Message "nightMessage" will be printed
[TRACE]2017-01-03 22:09:06.270 [main] GreetingServiceImpl- Message "nightMessage" will be printed
[TRACE]2017-01-03 22:09:06.270 [main] GreetingServiceImpl- Message "morningMessage" will be printed
[TRACE]2017-01-03 22:09:06.270 [main] GreetingServiceImpl- Message "eveningMessage" will be printed
[TRACE]2017-01-03 22:09:06.271 [main] GreetingServiceImpl- Message "nightMessage" will be printed
[TRACE]2017-01-03 22:09:06.271 [main] GreetingServiceImpl- Message "dayMessage" will be printed
[TRACE]2017-01-03 22:09:06.271 [main] GreetingServiceImpl- Message "eveningMessage" will be printed
[TRACE]2017-01-03 22:09:06.272 [main] GreetingServiceImpl- Message "morningMessage" will be printed
[TRACE]2017-01-03 22:09:06.272 [main] GreetingServiceImpl- Message "dayMessage" will be printed
[INFO ]2017-01-03 22:36:02.073 [main] LoginServiceIntfImpl- User with name Иван was found
[INFO ]2017-01-03 22:36:02.384 [main] LoginServiceIntfImpl- Server received login_module: not_existed_user
[INFO ]2017-01-03 22:36:02.393 [main] LoginServiceIntfImpl- User is not found
[TRACE]2017-01-03 22:36:02.399 [main] GreetingServiceImpl- Message "nightMessage" will be printed
[TRACE]2017-01-03 22:36:02.399 [main] GreetingServiceImpl- Message "nightMessage" will be printed
[TRACE]2017-01-03 22:36:02.399 [main] GreetingServiceImpl- Message "morningMessage" will be printed
[TRACE]2017-01-03 22:36:02.401 [main] GreetingServiceImpl- Message "eveningMessage" will be printed
[TRACE]2017-01-03 22:36:02.401 [main] GreetingServiceImpl- Message "nightMessage" will be printed
[TRACE]2017-01-03 22:36:02.401 [main] GreetingServiceImpl- Message "dayMessage" will be printed
[TRACE]2017-01-03 22:36:02.402 [main] GreetingServiceImpl- Message "eveningMessage" will be printed
[TRACE]2017-01-03 22:36:02.402 [main] GreetingServiceImpl- Message "morningMessage" will be printed
[TRACE]2017-01-03 22:36:02.402 [main] GreetingServiceImpl- Message "dayMessage" will be printed
[INFO ]2017-01-03 23:18:02.163 [main] LoginServiceIntfImpl- User with name Иван was found
[INFO ]2017-01-03 23:18:02.490 [main] LoginServiceIntfImpl- Server received login_module: not_existed_user
[INFO ]2017-01-03 23:18:02.498 [main] LoginServiceIntfImpl- User is not found
[TRACE]2017-01-03 23:18:02.509 [main] GreetingServiceImpl- Message "nightMessage" will be printed
[TRACE]2017-01-03 23:18:02.509 [main] GreetingServiceImpl- Message "nightMessage" will be printed
[TRACE]2017-01-03 23:18:02.509 [main] GreetingServiceImpl- Message "morningMessage" will be printed
[TRACE]2017-01-03 23:18:02.511 [main] GreetingServiceImpl- Message "eveningMessage" will be printed
[TRACE]2017-01-03 23:18:02.511 [main] GreetingServiceImpl- Message "nightMessage" will be printed
[TRACE]2017-01-03 23:18:02.511 [main] GreetingServiceImpl- Message "dayMessage" will be printed
[TRACE]2017-01-03 23:18:02.511 [main] GreetingServiceImpl- Message "eveningMessage" will be printed
[TRACE]2017-01-03 23:18:02.512 [main] GreetingServiceImpl- Message "morningMessage" will be printed
[TRACE]2017-01-03 23:18:02.512 [main] GreetingServiceImpl- Message "dayMessage" will be printed
[INFO ]2017-01-03 23:24:20.489 [main] LoginServiceIntfImpl- User with name Иван was found
[INFO ]2017-01-03 23:24:20.869 [main] LoginServiceIntfImpl- Server received login_module: not_existed_user
[INFO ]2017-01-03 23:24:20.876 [main] LoginServiceIntfImpl- User is not found
[TRACE]2017-01-03 23:24:20.882 [main] GreetingServiceImpl- Message "nightMessage" will be printed
[TRACE]2017-01-03 23:24:20.882 [main] GreetingServiceImpl- Message "nightMessage" will be printed
[TRACE]2017-01-03 23:24:20.883 [main] GreetingServiceImpl- Message "morningMessage" will be printed
[TRACE]2017-01-03 23:24:20.883 [main] GreetingServiceImpl- Message "eveningMessage" will be printed
[TRACE]2017-01-03 23:24:20.883 [main] GreetingServiceImpl- Message "nightMessage" will be printed
[TRACE]2017-01-03 23:24:20.884 [main] GreetingServiceImpl- Message "dayMessage" will be printed
[TRACE]2017-01-03 23:24:20.884 [main] GreetingServiceImpl- Message "eveningMessage" will be printed
[TRACE]2017-01-03 23:24:20.884 [main] GreetingServiceImpl- Message "morningMessage" will be printed
[TRACE]2017-01-03 23:24:20.885 [main] GreetingServiceImpl- Message "dayMessage" will be printed
