[INFO ]2017-01-04 12:20:13.258 [main] LoginServiceIntfImpl- User with name Иван was found
[INFO ]2017-01-04 12:20:13.544 [main] LoginServiceIntfImpl- Server received login_module: not_existed_user
[INFO ]2017-01-04 12:20:13.552 [main] LoginServiceIntfImpl- User is not found
[TRACE]2017-01-04 12:20:13.567 [main] GreetingServiceImpl- Message "nightMessage" will be printed
[TRACE]2017-01-04 12:20:13.567 [main] GreetingServiceImpl- Message "nightMessage" will be printed
[TRACE]2017-01-04 12:20:13.567 [main] GreetingServiceImpl- Message "morningMessage" will be printed
[TRACE]2017-01-04 12:20:13.568 [main] GreetingServiceImpl- Message "eveningMessage" will be printed
[TRACE]2017-01-04 12:20:13.568 [main] GreetingServiceImpl- Message "nightMessage" will be printed
[TRACE]2017-01-04 12:20:13.568 [main] GreetingServiceImpl- Message "dayMessage" will be printed
[TRACE]2017-01-04 12:20:13.568 [main] GreetingServiceImpl- Message "eveningMessage" will be printed
[TRACE]2017-01-04 12:20:13.569 [main] GreetingServiceImpl- Message "morningMessage" will be printed
[TRACE]2017-01-04 12:20:13.569 [main] GreetingServiceImpl- Message "dayMessage" will be printed
[INFO ]2017-01-04 12:30:41.637 [main] LoginServiceIntfImpl- User with name Иван was found
[INFO ]2017-01-04 12:30:41.893 [main] LoginServiceIntfImpl- Server received login_module: not_existed_user
[INFO ]2017-01-04 12:30:41.898 [main] LoginServiceIntfImpl- User is not found
[TRACE]2017-01-04 12:30:41.914 [main] GreetingServiceImpl- Message "nightMessage" will be printed
[TRACE]2017-01-04 12:30:41.914 [main] GreetingServiceImpl- Message "nightMessage" will be printed
[TRACE]2017-01-04 12:30:41.915 [main] GreetingServiceImpl- Message "morningMessage" will be printed
[TRACE]2017-01-04 12:30:41.915 [main] GreetingServiceImpl- Message "eveningMessage" will be printed
[TRACE]2017-01-04 12:30:41.915 [main] GreetingServiceImpl- Message "nightMessage" will be printed
[TRACE]2017-01-04 12:30:41.916 [main] GreetingServiceImpl- Message "dayMessage" will be printed
[TRACE]2017-01-04 12:30:41.916 [main] GreetingServiceImpl- Message "eveningMessage" will be printed
[TRACE]2017-01-04 12:30:41.916 [main] GreetingServiceImpl- Message "morningMessage" will be printed
[TRACE]2017-01-04 12:30:41.917 [main] GreetingServiceImpl- Message "dayMessage" will be printed
[INFO ]2017-01-04 12:38:07.458 [main] LoginServiceIntfImpl- User with name Иван was found
[INFO ]2017-01-04 12:38:07.772 [main] LoginServiceIntfImpl- Server received login_module: not_existed_user
[INFO ]2017-01-04 12:38:07.778 [main] LoginServiceIntfImpl- User is not found
[TRACE]2017-01-04 12:38:07.783 [main] GreetingServiceImpl- Message "nightMessage" will be printed
[TRACE]2017-01-04 12:38:07.784 [main] GreetingServiceImpl- Message "nightMessage" will be printed
[TRACE]2017-01-04 12:38:07.784 [main] GreetingServiceImpl- Message "morningMessage" will be printed
[TRACE]2017-01-04 12:38:07.786 [main] GreetingServiceImpl- Message "eveningMessage" will be printed
[TRACE]2017-01-04 12:38:07.786 [main] GreetingServiceImpl- Message "nightMessage" will be printed
[TRACE]2017-01-04 12:38:07.787 [main] GreetingServiceImpl- Message "dayMessage" will be printed
[TRACE]2017-01-04 12:38:07.787 [main] GreetingServiceImpl- Message "eveningMessage" will be printed
[TRACE]2017-01-04 12:38:07.788 [main] GreetingServiceImpl- Message "morningMessage" will be printed
[TRACE]2017-01-04 12:38:07.788 [main] GreetingServiceImpl- Message "dayMessage" will be printed
[INFO ]2017-01-04 12:43:29.352 [main] LoginServiceIntfImpl- User with name Иван was found
[INFO ]2017-01-04 12:43:29.608 [main] LoginServiceIntfImpl- Server received login_module: not_existed_user
[INFO ]2017-01-04 12:43:29.613 [main] LoginServiceIntfImpl- User is not found
[TRACE]2017-01-04 12:43:29.617 [main] GreetingServiceImpl- Message "nightMessage" will be printed
[TRACE]2017-01-04 12:43:29.617 [main] GreetingServiceImpl- Message "nightMessage" will be printed
[TRACE]2017-01-04 12:43:29.618 [main] GreetingServiceImpl- Message "morningMessage" will be printed
[TRACE]2017-01-04 12:43:29.619 [main] GreetingServiceImpl- Message "eveningMessage" will be printed
[TRACE]2017-01-04 12:43:29.619 [main] GreetingServiceImpl- Message "nightMessage" will be printed
[TRACE]2017-01-04 12:43:29.619 [main] GreetingServiceImpl- Message "dayMessage" will be printed
[TRACE]2017-01-04 12:43:29.619 [main] GreetingServiceImpl- Message "eveningMessage" will be printed
[TRACE]2017-01-04 12:43:29.620 [main] GreetingServiceImpl- Message "morningMessage" will be printed
[TRACE]2017-01-04 12:43:29.620 [main] GreetingServiceImpl- Message "dayMessage" will be printed
[INFO ]2017-01-04 12:52:16.194 [main] LoginServiceIntfImpl- User with name Иван was found
[INFO ]2017-01-04 12:52:16.544 [main] LoginServiceIntfImpl- Server received login_module: not_existed_user
[INFO ]2017-01-04 12:52:16.550 [main] LoginServiceIntfImpl- User is not found
[TRACE]2017-01-04 12:52:16.557 [main] GreetingServiceImpl- Message "nightMessage" will be printed
[TRACE]2017-01-04 12:52:16.557 [main] GreetingServiceImpl- Message "nightMessage" will be printed
[TRACE]2017-01-04 12:52:16.557 [main] GreetingServiceImpl- Message "morningMessage" will be printed
[TRACE]2017-01-04 12:52:16.558 [main] GreetingServiceImpl- Message "eveningMessage" will be printed
[TRACE]2017-01-04 12:52:16.558 [main] GreetingServiceImpl- Message "nightMessage" will be printed
[TRACE]2017-01-04 12:52:16.558 [main] GreetingServiceImpl- Message "dayMessage" will be printed
[TRACE]2017-01-04 12:52:16.559 [main] GreetingServiceImpl- Message "eveningMessage" will be printed
[TRACE]2017-01-04 12:52:16.559 [main] GreetingServiceImpl- Message "morningMessage" will be printed
[TRACE]2017-01-04 12:52:16.559 [main] GreetingServiceImpl- Message "dayMessage" will be printed
[INFO ]2017-01-04 12:59:48.557 [main] LoginServiceIntfImpl- User with name Иван was found
[INFO ]2017-01-04 12:59:48.823 [main] LoginServiceIntfImpl- Server received login_module: not_existed_user
[INFO ]2017-01-04 12:59:48.828 [main] LoginServiceIntfImpl- User is not found
[TRACE]2017-01-04 12:59:48.835 [main] GreetingServiceImpl- Message "nightMessage" will be printed
[TRACE]2017-01-04 12:59:48.835 [main] GreetingServiceImpl- Message "nightMessage" will be printed
[TRACE]2017-01-04 12:59:48.835 [main] GreetingServiceImpl- Message "morningMessage" will be printed
[TRACE]2017-01-04 12:59:48.837 [main] GreetingServiceImpl- Message "eveningMessage" will be printed
[TRACE]2017-01-04 12:59:48.837 [main] GreetingServiceImpl- Message "nightMessage" will be printed
[TRACE]2017-01-04 12:59:48.839 [main] GreetingServiceImpl- Message "dayMessage" will be printed
[TRACE]2017-01-04 12:59:48.840 [main] GreetingServiceImpl- Message "eveningMessage" will be printed
[TRACE]2017-01-04 12:59:48.840 [main] GreetingServiceImpl- Message "morningMessage" will be printed
[TRACE]2017-01-04 12:59:48.840 [main] GreetingServiceImpl- Message "dayMessage" will be printed
[INFO ]2017-01-04 13:03:22.350 [main] LoginServiceIntfImpl- User with name Иван was found
[INFO ]2017-01-04 13:03:22.588 [main] LoginServiceIntfImpl- Server received login_module: not_existed_user
[INFO ]2017-01-04 13:03:22.594 [main] LoginServiceIntfImpl- User is not found
[TRACE]2017-01-04 13:03:22.612 [main] GreetingServiceImpl- Message "nightMessage" will be printed
[TRACE]2017-01-04 13:03:22.612 [main] GreetingServiceImpl- Message "nightMessage" will be printed
[TRACE]2017-01-04 13:03:22.612 [main] GreetingServiceImpl- Message "morningMessage" will be printed
[TRACE]2017-01-04 13:03:22.614 [main] GreetingServiceImpl- Message "eveningMessage" will be printed
[TRACE]2017-01-04 13:03:22.614 [main] GreetingServiceImpl- Message "nightMessage" will be printed
[TRACE]2017-01-04 13:03:22.615 [main] GreetingServiceImpl- Message "dayMessage" will be printed
[TRACE]2017-01-04 13:03:22.616 [main] GreetingServiceImpl- Message "eveningMessage" will be printed
[TRACE]2017-01-04 13:03:22.620 [main] GreetingServiceImpl- Message "morningMessage" will be printed
[TRACE]2017-01-04 13:03:22.620 [main] GreetingServiceImpl- Message "dayMessage" will be printed
[INFO ]2017-01-04 13:09:19.146 [main] LoginServiceIntfImpl- User with name Иван was found
[INFO ]2017-01-04 13:09:19.364 [main] LoginServiceIntfImpl- Server received login_module: not_existed_user
[INFO ]2017-01-04 13:09:19.371 [main] LoginServiceIntfImpl- User is not found
[TRACE]2017-01-04 13:09:19.405 [main] GreetingServiceImpl- Message "nightMessage" will be printed
[TRACE]2017-01-04 13:09:19.406 [main] GreetingServiceImpl- Message "nightMessage" will be printed
[TRACE]2017-01-04 13:09:19.406 [main] GreetingServiceImpl- Message "morningMessage" will be printed
[TRACE]2017-01-04 13:09:19.407 [main] GreetingServiceImpl- Message "eveningMessage" will be printed
[TRACE]2017-01-04 13:09:19.407 [main] GreetingServiceImpl- Message "nightMessage" will be printed
[TRACE]2017-01-04 13:09:19.408 [main] GreetingServiceImpl- Message "dayMessage" will be printed
[TRACE]2017-01-04 13:09:19.409 [main] GreetingServiceImpl- Message "eveningMessage" will be printed
[TRACE]2017-01-04 13:09:19.412 [main] GreetingServiceImpl- Message "morningMessage" will be printed
[TRACE]2017-01-04 13:09:19.412 [main] GreetingServiceImpl- Message "dayMessage" will be printed
[INFO ]2017-01-04 13:13:24.986 [main] LoginServiceIntfImpl- User with name Иван was found
[INFO ]2017-01-04 13:13:25.255 [main] LoginServiceIntfImpl- Server received login_module: not_existed_user
[INFO ]2017-01-04 13:13:25.260 [main] LoginServiceIntfImpl- User is not found
[TRACE]2017-01-04 13:13:25.272 [main] GreetingServiceImpl- Message "nightMessage" will be printed
[TRACE]2017-01-04 13:13:25.272 [main] GreetingServiceImpl- Message "nightMessage" will be printed
[TRACE]2017-01-04 13:13:25.272 [main] GreetingServiceImpl- Message "morningMessage" will be printed
[TRACE]2017-01-04 13:13:25.273 [main] GreetingServiceImpl- Message "eveningMessage" will be printed
[TRACE]2017-01-04 13:13:25.273 [main] GreetingServiceImpl- Message "nightMessage" will be printed
[TRACE]2017-01-04 13:13:25.274 [main] GreetingServiceImpl- Message "dayMessage" will be printed
[TRACE]2017-01-04 13:13:25.274 [main] GreetingServiceImpl- Message "eveningMessage" will be printed
[TRACE]2017-01-04 13:13:25.274 [main] GreetingServiceImpl- Message "morningMessage" will be printed
[TRACE]2017-01-04 13:13:25.274 [main] GreetingServiceImpl- Message "dayMessage" will be printed
[INFO ]2017-01-04 13:15:23.361 [main] LoginServiceIntfImpl- User with name Иван was found
[INFO ]2017-01-04 13:15:23.577 [main] LoginServiceIntfImpl- Server received login_module: not_existed_user
[INFO ]2017-01-04 13:15:23.584 [main] LoginServiceIntfImpl- User is not found
[TRACE]2017-01-04 13:15:23.599 [main] GreetingServiceImpl- Message "nightMessage" will be printed
[TRACE]2017-01-04 13:15:23.599 [main] GreetingServiceImpl- Message "nightMessage" will be printed
[TRACE]2017-01-04 13:15:23.599 [main] GreetingServiceImpl- Message "morningMessage" will be printed
[TRACE]2017-01-04 13:15:23.600 [main] GreetingServiceImpl- Message "eveningMessage" will be printed
[TRACE]2017-01-04 13:15:23.600 [main] GreetingServiceImpl- Message "nightMessage" will be printed
[TRACE]2017-01-04 13:15:23.601 [main] GreetingServiceImpl- Message "dayMessage" will be printed
[TRACE]2017-01-04 13:15:23.601 [main] GreetingServiceImpl- Message "eveningMessage" will be printed
[TRACE]2017-01-04 13:15:23.605 [main] GreetingServiceImpl- Message "morningMessage" will be printed
[TRACE]2017-01-04 13:15:23.605 [main] GreetingServiceImpl- Message "dayMessage" will be printed
[INFO ]2017-01-04 15:13:26.864 [main] LoginServiceIntfImpl- User with name Иван was found
[INFO ]2017-01-04 15:13:27.160 [main] LoginServiceIntfImpl- Server received login_module: not_existed_user
[INFO ]2017-01-04 15:13:27.170 [main] LoginServiceIntfImpl- User is not found
[TRACE]2017-01-04 15:13:27.177 [main] GreetingServiceImpl- Message "nightMessage" will be printed
[TRACE]2017-01-04 15:13:27.177 [main] GreetingServiceImpl- Message "nightMessage" will be printed
[TRACE]2017-01-04 15:13:27.177 [main] GreetingServiceImpl- Message "morningMessage" will be printed
[TRACE]2017-01-04 15:13:27.177 [main] GreetingServiceImpl- Message "eveningMessage" will be printed
[TRACE]2017-01-04 15:13:27.177 [main] GreetingServiceImpl- Message "nightMessage" will be printed
[TRACE]2017-01-04 15:13:27.178 [main] GreetingServiceImpl- Message "dayMessage" will be printed
[TRACE]2017-01-04 15:13:27.178 [main] GreetingServiceImpl- Message "eveningMessage" will be printed
[TRACE]2017-01-04 15:13:27.178 [main] GreetingServiceImpl- Message "morningMessage" will be printed
[TRACE]2017-01-04 15:13:27.178 [main] GreetingServiceImpl- Message "dayMessage" will be printed
[INFO ]2017-01-04 15:17:26.053 [main] LoginServiceIntfImpl- User with name Иван was found
[INFO ]2017-01-04 15:17:26.264 [main] LoginServiceIntfImpl- Server received login_module: not_existed_user
[INFO ]2017-01-04 15:17:26.270 [main] LoginServiceIntfImpl- User is not found
[TRACE]2017-01-04 15:17:26.289 [main] GreetingServiceImpl- Message "nightMessage" will be printed
[TRACE]2017-01-04 15:17:26.289 [main] GreetingServiceImpl- Message "nightMessage" will be printed
[TRACE]2017-01-04 15:17:26.289 [main] GreetingServiceImpl- Message "morningMessage" will be printed
[TRACE]2017-01-04 15:17:26.295 [main] GreetingServiceImpl- Message "eveningMessage" will be printed
[TRACE]2017-01-04 15:17:26.296 [main] GreetingServiceImpl- Message "nightMessage" will be printed
[TRACE]2017-01-04 15:17:26.296 [main] GreetingServiceImpl- Message "dayMessage" will be printed
[TRACE]2017-01-04 15:17:26.297 [main] GreetingServiceImpl- Message "eveningMessage" will be printed
[TRACE]2017-01-04 15:17:26.297 [main] GreetingServiceImpl- Message "morningMessage" will be printed
[TRACE]2017-01-04 15:17:26.297 [main] GreetingServiceImpl- Message "dayMessage" will be printed
[INFO ]2017-01-04 15:21:29.968 [main] LoginServiceIntfImpl- User with name Иван was found
[INFO ]2017-01-04 15:21:30.198 [main] LoginServiceIntfImpl- Server received login_module: not_existed_user
[INFO ]2017-01-04 15:21:30.205 [main] LoginServiceIntfImpl- User is not found
[TRACE]2017-01-04 15:21:30.215 [main] GreetingServiceImpl- Message "nightMessage" will be printed
[TRACE]2017-01-04 15:21:30.216 [main] GreetingServiceImpl- Message "nightMessage" will be printed
[TRACE]2017-01-04 15:21:30.216 [main] GreetingServiceImpl- Message "morningMessage" will be printed
[TRACE]2017-01-04 15:21:30.216 [main] GreetingServiceImpl- Message "eveningMessage" will be printed
[TRACE]2017-01-04 15:21:30.216 [main] GreetingServiceImpl- Message "nightMessage" will be printed
[TRACE]2017-01-04 15:21:30.219 [main] GreetingServiceImpl- Message "dayMessage" will be printed
[TRACE]2017-01-04 15:21:30.219 [main] GreetingServiceImpl- Message "eveningMessage" will be printed
[TRACE]2017-01-04 15:21:30.226 [main] GreetingServiceImpl- Message "morningMessage" will be printed
[TRACE]2017-01-04 15:21:30.226 [main] GreetingServiceImpl- Message "dayMessage" will be printed
[INFO ]2017-01-04 16:53:53.533 [main] LoginServiceIntfImpl- User with name Иван was found
[INFO ]2017-01-04 16:53:53.844 [main] LoginServiceIntfImpl- Server received login_module: not_existed_user
[INFO ]2017-01-04 16:53:53.851 [main] LoginServiceIntfImpl- User is not found
[TRACE]2017-01-04 16:53:53.856 [main] GreetingServiceImpl- Message "nightMessage" will be printed
[TRACE]2017-01-04 16:53:53.857 [main] GreetingServiceImpl- Message "nightMessage" will be printed
[TRACE]2017-01-04 16:53:53.857 [main] GreetingServiceImpl- Message "morningMessage" will be printed
[TRACE]2017-01-04 16:53:53.857 [main] GreetingServiceImpl- Message "eveningMessage" will be printed
[TRACE]2017-01-04 16:53:53.857 [main] GreetingServiceImpl- Message "nightMessage" will be printed
[TRACE]2017-01-04 16:53:53.858 [main] GreetingServiceImpl- Message "dayMessage" will be printed
[TRACE]2017-01-04 16:53:53.858 [main] GreetingServiceImpl- Message "eveningMessage" will be printed
[TRACE]2017-01-04 16:53:53.858 [main] GreetingServiceImpl- Message "morningMessage" will be printed
[TRACE]2017-01-04 16:53:53.859 [main] GreetingServiceImpl- Message "dayMessage" will be printed
[INFO ]2017-01-04 18:21:17.664 [main] LoginServiceIntfImpl- User with name Иван was found
[INFO ]2017-01-04 18:21:17.999 [main] LoginServiceIntfImpl- Server received login_module: not_existed_user
[INFO ]2017-01-04 18:21:18.007 [main] LoginServiceIntfImpl- User is not found
[TRACE]2017-01-04 18:21:18.013 [main] GreetingServiceImpl- Message "nightMessage" will be printed
[TRACE]2017-01-04 18:21:18.014 [main] GreetingServiceImpl- Message "nightMessage" will be printed
[TRACE]2017-01-04 18:21:18.014 [main] GreetingServiceImpl- Message "morningMessage" will be printed
[TRACE]2017-01-04 18:21:18.014 [main] GreetingServiceImpl- Message "eveningMessage" will be printed
[TRACE]2017-01-04 18:21:18.014 [main] GreetingServiceImpl- Message "nightMessage" will be printed
[TRACE]2017-01-04 18:21:18.015 [main] GreetingServiceImpl- Message "dayMessage" will be printed
[TRACE]2017-01-04 18:21:18.015 [main] GreetingServiceImpl- Message "eveningMessage" will be printed
[TRACE]2017-01-04 18:21:18.016 [main] GreetingServiceImpl- Message "morningMessage" will be printed
[TRACE]2017-01-04 18:21:18.016 [main] GreetingServiceImpl- Message "dayMessage" will be printed
[INFO ]2017-01-04 18:56:28.992 [main] LoginServiceIntfImpl- User with name Иван was found
[INFO ]2017-01-04 18:56:29.308 [main] LoginServiceIntfImpl- Server received login_module: not_existed_user
[INFO ]2017-01-04 18:56:29.314 [main] LoginServiceIntfImpl- User is not found
[TRACE]2017-01-04 18:56:29.320 [main] GreetingServiceImpl- Message "nightMessage" will be printed
[TRACE]2017-01-04 18:56:29.320 [main] GreetingServiceImpl- Message "nightMessage" will be printed
[TRACE]2017-01-04 18:56:29.320 [main] GreetingServiceImpl- Message "morningMessage" will be printed
[TRACE]2017-01-04 18:56:29.321 [main] GreetingServiceImpl- Message "eveningMessage" will be printed
[TRACE]2017-01-04 18:56:29.321 [main] GreetingServiceImpl- Message "nightMessage" will be printed
[TRACE]2017-01-04 18:56:29.322 [main] GreetingServiceImpl- Message "dayMessage" will be printed
[TRACE]2017-01-04 18:56:29.322 [main] GreetingServiceImpl- Message "eveningMessage" will be printed
[TRACE]2017-01-04 18:56:29.323 [main] GreetingServiceImpl- Message "morningMessage" will be printed
[TRACE]2017-01-04 18:56:29.323 [main] GreetingServiceImpl- Message "dayMessage" will be printed
[INFO ]2017-01-04 19:55:29.568 [main] LoginServiceIntfImpl- User with name Иван was found
[INFO ]2017-01-04 19:55:29.865 [main] LoginServiceIntfImpl- Server received login_module: not_existed_user
[INFO ]2017-01-04 19:55:29.877 [main] LoginServiceIntfImpl- User is not found
[TRACE]2017-01-04 19:55:29.893 [main] GreetingServiceImpl- Message "nightMessage" will be printed
[TRACE]2017-01-04 19:55:29.893 [main] GreetingServiceImpl- Message "nightMessage" will be printed
[TRACE]2017-01-04 19:55:29.893 [main] GreetingServiceImpl- Message "morningMessage" will be printed
[TRACE]2017-01-04 19:55:29.893 [main] GreetingServiceImpl- Message "eveningMessage" will be printed
[TRACE]2017-01-04 19:55:29.894 [main] GreetingServiceImpl- Message "nightMessage" will be printed
[TRACE]2017-01-04 19:55:29.894 [main] GreetingServiceImpl- Message "dayMessage" will be printed
[TRACE]2017-01-04 19:55:29.894 [main] GreetingServiceImpl- Message "eveningMessage" will be printed
[TRACE]2017-01-04 19:55:29.894 [main] GreetingServiceImpl- Message "morningMessage" will be printed
[TRACE]2017-01-04 19:55:29.895 [main] GreetingServiceImpl- Message "dayMessage" will be printed
[INFO ]2017-01-04 20:04:12.817 [main] LoginServiceIntfImpl- User with name Иван was found
[INFO ]2017-01-04 20:04:13.179 [main] LoginServiceIntfImpl- Server received login_module: not_existed_user
[INFO ]2017-01-04 20:04:13.186 [main] LoginServiceIntfImpl- User is not found
[TRACE]2017-01-04 20:04:13.194 [main] GreetingServiceImpl- Message "nightMessage" will be printed
[TRACE]2017-01-04 20:04:13.194 [main] GreetingServiceImpl- Message "nightMessage" will be printed
[TRACE]2017-01-04 20:04:13.195 [main] GreetingServiceImpl- Message "morningMessage" will be printed
[TRACE]2017-01-04 20:04:13.195 [main] GreetingServiceImpl- Message "eveningMessage" will be printed
[TRACE]2017-01-04 20:04:13.195 [main] GreetingServiceImpl- Message "nightMessage" will be printed
[TRACE]2017-01-04 20:04:13.196 [main] GreetingServiceImpl- Message "dayMessage" will be printed
[TRACE]2017-01-04 20:04:13.196 [main] GreetingServiceImpl- Message "eveningMessage" will be printed
[TRACE]2017-01-04 20:04:13.196 [main] GreetingServiceImpl- Message "morningMessage" will be printed
[TRACE]2017-01-04 20:04:13.197 [main] GreetingServiceImpl- Message "dayMessage" will be printed
[INFO ]2017-01-04 20:39:05.769 [main] LoginServiceIntfImpl- User with name Иван was found
[INFO ]2017-01-04 20:39:06.110 [main] LoginServiceIntfImpl- Server received login_module: not_existed_user
[INFO ]2017-01-04 20:39:06.116 [main] LoginServiceIntfImpl- User is not found
[TRACE]2017-01-04 20:39:06.135 [main] GreetingServiceImpl- Message "nightMessage" will be printed
[TRACE]2017-01-04 20:39:06.135 [main] GreetingServiceImpl- Message "nightMessage" will be printed
[TRACE]2017-01-04 20:39:06.135 [main] GreetingServiceImpl- Message "morningMessage" will be printed
[TRACE]2017-01-04 20:39:06.138 [main] GreetingServiceImpl- Message "eveningMessage" will be printed
[TRACE]2017-01-04 20:39:06.138 [main] GreetingServiceImpl- Message "nightMessage" will be printed
[TRACE]2017-01-04 20:39:06.139 [main] GreetingServiceImpl- Message "dayMessage" will be printed
[TRACE]2017-01-04 20:39:06.140 [main] GreetingServiceImpl- Message "eveningMessage" will be printed
[TRACE]2017-01-04 20:39:06.141 [main] GreetingServiceImpl- Message "morningMessage" will be printed
[TRACE]2017-01-04 20:39:06.141 [main] GreetingServiceImpl- Message "dayMessage" will be printed
[INFO ]2017-01-04 20:47:35.676 [main] LoginServiceIntfImpl- User with name Иван was found
[INFO ]2017-01-04 20:47:35.946 [main] LoginServiceIntfImpl- Server received login_module: not_existed_user
[INFO ]2017-01-04 20:47:35.953 [main] LoginServiceIntfImpl- User is not found
[TRACE]2017-01-04 20:47:35.964 [main] GreetingServiceImpl- Message "nightMessage" will be printed
[TRACE]2017-01-04 20:47:35.964 [main] GreetingServiceImpl- Message "nightMessage" will be printed
[TRACE]2017-01-04 20:47:35.964 [main] GreetingServiceImpl- Message "morningMessage" will be printed
[TRACE]2017-01-04 20:47:35.965 [main] GreetingServiceImpl- Message "eveningMessage" will be printed
[TRACE]2017-01-04 20:47:35.965 [main] GreetingServiceImpl- Message "nightMessage" will be printed
[TRACE]2017-01-04 20:47:35.966 [main] GreetingServiceImpl- Message "dayMessage" will be printed
[TRACE]2017-01-04 20:47:35.966 [main] GreetingServiceImpl- Message "eveningMessage" will be printed
[TRACE]2017-01-04 20:47:35.967 [main] GreetingServiceImpl- Message "morningMessage" will be printed
[TRACE]2017-01-04 20:47:35.967 [main] GreetingServiceImpl- Message "dayMessage" will be printed
[INFO ]2017-01-04 20:55:06.177 [main] LoginServiceIntfImpl- User with name Иван was found
[INFO ]2017-01-04 20:55:06.576 [main] LoginServiceIntfImpl- Server received login_module: not_existed_user
[INFO ]2017-01-04 20:55:06.583 [main] LoginServiceIntfImpl- User is not found
[TRACE]2017-01-04 20:55:06.596 [main] GreetingServiceImpl- Message "nightMessage" will be printed
[TRACE]2017-01-04 20:55:06.596 [main] GreetingServiceImpl- Message "nightMessage" will be printed
[TRACE]2017-01-04 20:55:06.596 [main] GreetingServiceImpl- Message "morningMessage" will be printed
[TRACE]2017-01-04 20:55:06.597 [main] GreetingServiceImpl- Message "eveningMessage" will be printed
[TRACE]2017-01-04 20:55:06.598 [main] GreetingServiceImpl- Message "nightMessage" will be printed
[TRACE]2017-01-04 20:55:06.599 [main] GreetingServiceImpl- Message "dayMessage" will be printed
[TRACE]2017-01-04 20:55:06.599 [main] GreetingServiceImpl- Message "eveningMessage" will be printed
[TRACE]2017-01-04 20:55:06.601 [main] GreetingServiceImpl- Message "morningMessage" will be printed
[TRACE]2017-01-04 20:55:06.601 [main] GreetingServiceImpl- Message "dayMessage" will be printed
[INFO ]2017-01-04 20:59:54.044 [main] LoginServiceIntfImpl- User with name Иван was found
[INFO ]2017-01-04 20:59:54.259 [main] LoginServiceIntfImpl- Server received login_module: not_existed_user
[INFO ]2017-01-04 20:59:54.266 [main] LoginServiceIntfImpl- User is not found
[TRACE]2017-01-04 20:59:54.284 [main] GreetingServiceImpl- Message "nightMessage" will be printed
[TRACE]2017-01-04 20:59:54.284 [main] GreetingServiceImpl- Message "nightMessage" will be printed
[TRACE]2017-01-04 20:59:54.284 [main] GreetingServiceImpl- Message "morningMessage" will be printed
[TRACE]2017-01-04 20:59:54.285 [main] GreetingServiceImpl- Message "eveningMessage" will be printed
[TRACE]2017-01-04 20:59:54.286 [main] GreetingServiceImpl- Message "nightMessage" will be printed
[TRACE]2017-01-04 20:59:54.287 [main] GreetingServiceImpl- Message "dayMessage" will be printed
[TRACE]2017-01-04 20:59:54.287 [main] GreetingServiceImpl- Message "eveningMessage" will be printed
[TRACE]2017-01-04 20:59:54.291 [main] GreetingServiceImpl- Message "morningMessage" will be printed
[TRACE]2017-01-04 20:59:54.292 [main] GreetingServiceImpl- Message "dayMessage" will be printed
[INFO ]2017-01-04 23:06:33.600 [main] LoginServiceIntfImpl- User with name Иван was found
[INFO ]2017-01-04 23:06:33.921 [main] LoginServiceIntfImpl- Server received login_module: not_existed_user
[INFO ]2017-01-04 23:06:33.928 [main] LoginServiceIntfImpl- User is not found
[TRACE]2017-01-04 23:06:33.934 [main] GreetingServiceImpl- Message "nightMessage" will be printed
[TRACE]2017-01-04 23:06:33.934 [main] GreetingServiceImpl- Message "nightMessage" will be printed
[TRACE]2017-01-04 23:06:33.934 [main] GreetingServiceImpl- Message "morningMessage" will be printed
[TRACE]2017-01-04 23:06:33.934 [main] GreetingServiceImpl- Message "eveningMessage" will be printed
[TRACE]2017-01-04 23:06:33.935 [main] GreetingServiceImpl- Message "nightMessage" will be printed
[TRACE]2017-01-04 23:06:33.935 [main] GreetingServiceImpl- Message "dayMessage" will be printed
[TRACE]2017-01-04 23:06:33.935 [main] GreetingServiceImpl- Message "eveningMessage" will be printed
[TRACE]2017-01-04 23:06:33.936 [main] GreetingServiceImpl- Message "morningMessage" will be printed
[TRACE]2017-01-04 23:06:33.936 [main] GreetingServiceImpl- Message "dayMessage" will be printed
